
Showing logs for build [32mcb-kubecd-environment-pr-189-17-n2867-1[0m stage [32mfrom-build-pack[0m and container [32mstep-credential-initializer-x5vm2[0m
{"level":"warn","ts":1585222584.499906,"logger":"fallback-logger","caller":"logging/config.go:69","msg":"Fetch GitHub commit ID from kodata failed: \"ref: refs/heads/0.8.0-**-support-backwards-incompats\" is not a valid GitHub commit ID"}
{"level":"info","ts":1585222584.504779,"logger":"fallback-logger","caller":"creds-init/main.go:40","msg":"Credentials initialized."}

Showing logs for build [32mcb-kubecd-environment-pr-189-17-n2867-1[0m stage [32mfrom-build-pack[0m and container [32mstep-working-dir-initializer-g7dv2[0m
{"level":"warn","ts":1585222585.9633515,"logger":"fallback-logger","caller":"logging/config.go:69","msg":"Fetch GitHub commit ID from kodata failed: open /var/run/ko/HEAD: no such file or directory"}
{"level":"info","ts":1585222585.9690235,"logger":"fallback-logger","caller":"bash/main.go:64","msg":"Successfully executed command \"sh -c mkdir -p /workspace/source\"; output "}

Showing logs for build [32mcb-kubecd-environment-pr-189-17-n2867-1[0m stage [32mfrom-build-pack[0m and container [32mstep-place-tools[0m

Showing logs for build [32mcb-kubecd-environment-pr-189-17-n2867-1[0m stage [32mfrom-build-pack[0m and container [32mstep-git-source-cb-kubecd-environment-pr-189-17-n2867-2x5cd[0m
{"level":"warn","ts":1585222591.130792,"logger":"fallback-logger","caller":"logging/config.go:69","msg":"Fetch GitHub commit ID from kodata failed: \"ref: refs/heads/0.8.0-**-support-backwards-incompats\" is not a valid GitHub commit ID"}
{"level":"info","ts":1585222592.220773,"logger":"fallback-logger","caller":"git/git.go:103","msg":"Successfully cloned https://github.com/cb-kubecd/environment-pr-189-17-boot-gke-staging.git @ master in path /workspace/source"}

Showing logs for build [32mcb-kubecd-environment-pr-189-17-n2867-1[0m stage [32mfrom-build-pack[0m and container [32mstep-git-merge[0m
Using SHAs from PULL_REFS=master:8b8f40d12808a1a7e79b627aa5af06d9f526cb15,6:0a7486ef41a0129ecd75bd7f05edb313246f75a5
DEBUG: LC_ALL=C JX_LOG_LEVEL=error git fetch origin --unshallow 0a7486ef41a0129ecd75bd7f05edb313246f75a5: 8b8f40d12808a1a7e79b627aa5af06d9f526cb15:
DEBUG: ran git fetch --unshallow origin 0a7486ef41a0129ecd75bd7f05edb313246f75a5: 8b8f40d12808a1a7e79b627aa5af06d9f526cb15: in 
DEBUG: LC_ALL=C JX_LOG_LEVEL=error git branch
DEBUG: JX_LOG_LEVEL=error LC_ALL=C git checkout master
DEBUG: ran git checkout master in 
DEBUG: LC_ALL=C JX_LOG_LEVEL=error git reset --hard 8b8f40d12808a1a7e79b627aa5af06d9f526cb15
DEBUG: ran git reset --hard 8b8f40d12808a1a7e79b627aa5af06d9f526cb15 in 
DEBUG: LC_ALL=C JX_LOG_LEVEL=error git clean -fd .
DEBUG: ran clean --force -d . in 
DEBUG: LC_ALL=C JX_LOG_LEVEL=error git merge 0a7486ef41a0129ecd75bd7f05edb313246f75a5
DEBUG: ran git merge 0a7486ef41a0129ecd75bd7f05edb313246f75a5 in 
DEBUG: LC_ALL=C JX_LOG_LEVEL=error git log --format=%H%x1f%an%x1f%ae%x1f%cn%x1f%ce%x1f%s%n%b%x1e 8b8f40d12808a1a7e79b627aa5af06d9f526cb15..HEAD
Merged SHA 0a7486ef41a0129ecd75bd7f05edb313246f75a5 with commit message 'chore: Promote bdd-nh-import-1585221729 to version 0.0.1' into base branch master

Showing logs for build [32mcb-kubecd-environment-pr-189-17-n2867-1[0m stage [32mfrom-build-pack[0m and container [32mstep-build-helm-build[0m
WARNING: No $CHART_REPOSITORY defined so using the default value of: http://jenkins-x-chartmuseum:8080
Adding missing Helm repo: storage.googleapis.com https://storage.googleapis.com/chartmuseum.jenkins-x.io
WARNING: No secrets found on "helm/repos" due: reading the secret "helm/repos" from vault: no secret "helm/repos" not found in vault
Read credentials for https://storage.googleapis.com/chartmuseum.jenkins-x.io from vault helm/repos
Successfully added Helm repository storage.googleapis.com.
Adding missing Helm repo: jenkins-x-chartmuseum http://jenkins-x-chartmuseum:8080
WARNING: No secrets found on "helm/repos" due: reading the secret "helm/repos" from vault: no secret "helm/repos" not found in vault
Read credentials for http://jenkins-x-chartmuseum:8080 from vault helm/repos
Successfully added Helm repository jenkins-x-chartmuseum.
WARNING: No $CHART_REPOSITORY defined so using the default value of: http://jenkins-x-chartmuseum:8080
Adding missing Helm repo: chartmuseum.jenkins-x.io http://chartmuseum.jenkins-x.io
WARNING: No secrets found on "helm/repos" due: reading the secret "helm/repos" from vault: no secret "helm/repos" not found in vault
Read credentials for http://chartmuseum.jenkins-x.io from vault helm/repos
Successfully added Helm repository chartmuseum.jenkins-x.io.
